<?xml version="1.0" encoding="UTF-8"?>
<!-- Generated by org.testng.reporters.JUnitReportReporter -->
<testsuite hostname="bos-mpbg6" failures="0" tests="2" name="com.webdriver.qa.testcases.LoginPageTest" time="19.000" errors="0" timestamp="18 Nov 2018 23:29:32 GMT" skipped="0">
  <testcase classname="com.webdriver.qa.testcases.LoginPageTest" name="verifyInvalidLogin" time="9.918"/>
  <testcase classname="com.webdriver.qa.testcases.LoginPageTest" name="verifyInvalidLogin" time="9.082"/>
</testsuite> <!-- com.webdriver.qa.testcases.LoginPageTest -->
